<?xml version="1.0" encoding="UTF-8"?>
<testng-results ignored="0" total="1" passed="1" failed="0" skipped="0">
  <reporter-output>
  </reporter-output>
  <suite started-at="2022-12-09T04:53:28 PST" name="Suite" finished-at="2022-12-09T04:54:08 PST" duration-ms="39440">
    <groups>
    </groups>
    <test started-at="2022-12-09T04:53:28 PST" name="Test" finished-at="2022-12-09T04:54:08 PST" duration-ms="39440">
      <class name="test_Update.test_update">
        <test-method is-config="true" signature="before()[pri:0, instance:test_Update.test_update@2a54a73f]" started-at="2022-12-09T04:53:28 PST" name="before" finished-at="2022-12-09T04:53:28 PST" duration-ms="23" status="PASS">
          <reporter-output>
          </reporter-output>
        </test-method> <!-- before -->
        <test-method is-config="true" signature="setup(java.lang.String,java.lang.String)[pri:0, instance:test_Update.test_update@2a54a73f]" started-at="2022-12-09T04:53:28 PST" name="setup" finished-at="2022-12-09T04:53:42 PST" duration-ms="13975" status="PASS">
          <params>
            <param index="0">
              <value>
                <![CDATA[chrome]]>
              </value>
            </param>
            <param index="1">
              <value>
                <![CDATA[https://products.pisystindia.com/Ecommerce/admin/]]>
              </value>
            </param>
          </params>
          <reporter-output>
          </reporter-output>
        </test-method> <!-- setup -->
        <test-method signature="valid_data()[pri:1, instance:test_Update.test_update@2a54a73f]" started-at="2022-12-09T04:53:42 PST" name="valid_data" finished-at="2022-12-09T04:54:08 PST" duration-ms="25376" status="PASS">
          <reporter-output>
          </reporter-output>
        </test-method> <!-- valid_data -->
      </class> <!-- test_Update.test_update -->
    </test> <!-- Test -->
  </suite> <!-- Suite -->
</testng-results>
